<?xml version="1.0" encoding="UTF-8"?>
<testsuite name="creational.patterns.builder.OrderBuilderTest" tests="2" skipped="0" failures="0" errors="0" timestamp="2020-06-06T17:05:14" hostname="cp1858" time="0.002">
  <properties/>
  <testcase name="shouldNotCreateOrderObject" classname="creational.patterns.builder.OrderBuilderTest" time="0.0"/>
  <testcase name="shouldCreateOrderObject" classname="creational.patterns.builder.OrderBuilderTest" time="0.002"/>
  <system-out><![CDATA[]]></system-out>
  <system-err><![CDATA[]]></system-err>
</testsuite>
