<?xml version="1.0" encoding="UTF-8"?>
<testsuite name="creational.patterns.abstract_factory.PaymentsFileGeneratorTests" tests="2" skipped="0" failures="0" errors="0" timestamp="2020-06-06T17:05:14" hostname="cp1858" time="0.007">
  <properties/>
  <testcase name="shouldReturnLinesWithXYZBankLayout" classname="creational.patterns.abstract_factory.PaymentsFileGeneratorTests" time="0.006"/>
  <testcase name="shouldReturnLinesWithXPTOBankLayout" classname="creational.patterns.abstract_factory.PaymentsFileGeneratorTests" time="0.001"/>
  <system-out><![CDATA[]]></system-out>
  <system-err><![CDATA[]]></system-err>
</testsuite>
