<?xml version="1.0" encoding="UTF-8"?>
<testsuite name="structural.patterns.composite.CompositeTest" tests="2" skipped="0" failures="0" errors="0" timestamp="2020-06-06T17:05:14" hostname="cp1858" time="0.001">
  <properties/>
  <testcase name="shouldCreateWindowWithChildrenAndLeafs" classname="structural.patterns.composite.CompositeTest" time="0.001"/>
  <testcase name="shouldCreateWindowWithLeafs" classname="structural.patterns.composite.CompositeTest" time="0.0"/>
  <system-out><![CDATA[]]></system-out>
  <system-err><![CDATA[]]></system-err>
</testsuite>
